<?xml version="1.0" encoding="UTF-8"?>
<testsuite name="com.cbo.memcloud.feature.notes.NotesViewModelTest" tests="9" skipped="0" failures="0" errors="0" timestamp="2025-03-21T18:53:52" hostname="CANBERKOZDEMIR" time="0.084">
  <properties/>
  <testcase name="unarchiveNote should call repository method" classname="com.cbo.memcloud.feature.notes.NotesViewModelTest" time="0.031"/>
  <testcase name="setViewType should update viewType state" classname="com.cbo.memcloud.feature.notes.NotesViewModelTest" time="0.02"/>
  <testcase name="emptyTrash should call repository method" classname="com.cbo.memcloud.feature.notes.NotesViewModelTest" time="0.003"/>
  <testcase name="setSearchQuery should update searchQuery state" classname="com.cbo.memcloud.feature.notes.NotesViewModelTest" time="0.008"/>
  <testcase name="archiveNote should call repository method" classname="com.cbo.memcloud.feature.notes.NotesViewModelTest" time="0.004"/>
  <testcase name="setSearchActive should update isSearchActive state" classname="com.cbo.memcloud.feature.notes.NotesViewModelTest" time="0.009"/>
  <testcase name="deleteNotePermanently should call repository method" classname="com.cbo.memcloud.feature.notes.NotesViewModelTest" time="0.003"/>
  <testcase name="moveNoteToTrash should call repository method" classname="com.cbo.memcloud.feature.notes.NotesViewModelTest" time="0.003"/>
  <testcase name="toggleNoteFavorite should call repository method with correct parameters" classname="com.cbo.memcloud.feature.notes.NotesViewModelTest" time="0.003"/>
  <system-out><![CDATA[]]></system-out>
  <system-err><![CDATA[]]></system-err>
</testsuite>
