<?xml version="1.0" encoding="UTF-8"?>
<testsuite name="com.cbo.memcloud.feature.notes.NoteEditorViewModelTest" tests="13" skipped="0" failures="0" errors="0" timestamp="2025-03-21T18:53:51" hostname="CANBERKOZDEMIR" time="1.119">
  <properties/>
  <testcase name="unarchiveNote should set isArchived to false" classname="com.cbo.memcloud.feature.notes.NoteEditorViewModelTest" time="1.087"/>
  <testcase name="updateTitle should update the title in UI state" classname="com.cbo.memcloud.feature.notes.NoteEditorViewModelTest" time="0.001"/>
  <testcase name="loadNote should set isLoading to false when note does not exist" classname="com.cbo.memcloud.feature.notes.NoteEditorViewModelTest" time="0.002"/>
  <testcase name="archiveNote should set isArchived to true" classname="com.cbo.memcloud.feature.notes.NoteEditorViewModelTest" time="0.002"/>
  <testcase name="saveNote should not save when title and content are blank" classname="com.cbo.memcloud.feature.notes.NoteEditorViewModelTest" time="0.006"/>
  <testcase name="updateContent should update the content in UI state" classname="com.cbo.memcloud.feature.notes.NoteEditorViewModelTest" time="0.0"/>
  <testcase name="deleteNotePermanently should set note to null" classname="com.cbo.memcloud.feature.notes.NoteEditorViewModelTest" time="0.003"/>
  <testcase name="toggleFavorite should toggle favorite status of note" classname="com.cbo.memcloud.feature.notes.NoteEditorViewModelTest" time="0.003"/>
  <testcase name="loadNote should update error state when exception is thrown" classname="com.cbo.memcloud.feature.notes.NoteEditorViewModelTest" time="0.002"/>
  <testcase name="loadNote should update UI state with note when note exists" classname="com.cbo.memcloud.feature.notes.NoteEditorViewModelTest" time="0.002"/>
  <testcase name="saveNote should update existing note when note exists" classname="com.cbo.memcloud.feature.notes.NoteEditorViewModelTest" time="0.004"/>
  <testcase name="moveToTrash should set isDeleted to true" classname="com.cbo.memcloud.feature.notes.NoteEditorViewModelTest" time="0.003"/>
  <testcase name="saveNote should create new note when note does not exist" classname="com.cbo.memcloud.feature.notes.NoteEditorViewModelTest" time="0.002"/>
  <system-out><![CDATA[]]></system-out>
  <system-err><![CDATA[WARNING: A Java agent has been loaded dynamically (C:\Users\pc\.gradle\caches\modules-2\files-2.1\net.bytebuddy\byte-buddy-agent\1.14.9\dfb8707031008535048bad2b69735f46d0b6c5e5\byte-buddy-agent-1.14.9.jar)
WARNING: If a serviceability tool is in use, please run with -XX:+EnableDynamicAgentLoading to hide this warning
WARNING: If a serviceability tool is not in use, please run with -Djdk.instrument.traceUsage for more information
WARNING: Dynamic loading of agents will be disallowed by default in a future release
]]></system-err>
</testsuite>
