<?xml version="1.0" encoding="UTF-8"?>
<testsuite name="com.cbo.memcloud.feature.notes.NotesViewModelTest" tests="9" skipped="0" failures="0" errors="0" timestamp="2025-03-21T18:55:57" hostname="CANBERKOZDEMIR" time="1.54">
  <properties/>
  <testcase name="unarchiveNote should call repository method" classname="com.cbo.memcloud.feature.notes.NotesViewModelTest" time="1.47"/>
  <testcase name="setViewType should update viewType state" classname="com.cbo.memcloud.feature.notes.NotesViewModelTest" time="0.033"/>
  <testcase name="emptyTrash should call repository method" classname="com.cbo.memcloud.feature.notes.NotesViewModelTest" time="0.004"/>
  <testcase name="setSearchQuery should update searchQuery state" classname="com.cbo.memcloud.feature.notes.NotesViewModelTest" time="0.009"/>
  <testcase name="archiveNote should call repository method" classname="com.cbo.memcloud.feature.notes.NotesViewModelTest" time="0.005"/>
  <testcase name="setSearchActive should update isSearchActive state" classname="com.cbo.memcloud.feature.notes.NotesViewModelTest" time="0.009"/>
  <testcase name="deleteNotePermanently should call repository method" classname="com.cbo.memcloud.feature.notes.NotesViewModelTest" time="0.003"/>
  <testcase name="moveNoteToTrash should call repository method" classname="com.cbo.memcloud.feature.notes.NotesViewModelTest" time="0.003"/>
  <testcase name="toggleNoteFavorite should call repository method with correct parameters" classname="com.cbo.memcloud.feature.notes.NotesViewModelTest" time="0.003"/>
  <system-out><![CDATA[]]></system-out>
  <system-err><![CDATA[WARNING: A Java agent has been loaded dynamically (C:\Users\pc\.gradle\caches\modules-2\files-2.1\net.bytebuddy\byte-buddy-agent\1.14.9\dfb8707031008535048bad2b69735f46d0b6c5e5\byte-buddy-agent-1.14.9.jar)
WARNING: If a serviceability tool is in use, please run with -XX:+EnableDynamicAgentLoading to hide this warning
WARNING: If a serviceability tool is not in use, please run with -Djdk.instrument.traceUsage for more information
WARNING: Dynamic loading of agents will be disallowed by default in a future release
]]></system-err>
</testsuite>
